<?xml version="1.0" encoding="UTF-8"?>
<!-- Generated by org.testng.reporters.JUnitXMLReporter -->
<testsuite ignored="41" hostname="Sridhars-MacBook-Pro.local" failures="0" tests="1" name="Default test" time="15.422" errors="0" timestamp="2025-08-13T09:11:03 MDT">
  <testcase classname="testMethodsPackage.LinkedListTest" name="verifyIntroPageTitle" time="0.471"/>
  <testcase classname="testMethodsPackage.LinkedListTest" name="verifyTraversalPageTitle" time="0.0">
    <ignored/>
  </testcase> <!-- verifyTraversalPageTitle -->
  <testcase classname="testMethodsPackage.LinkedListTest" name="verifyPracticeQuestionsPageTitle_InsertionPage" time="0.0">
    <ignored/>
  </testcase> <!-- verifyPracticeQuestionsPageTitle_InsertionPage -->
  <testcase classname="testMethodsPackage.LinkedListTest" name="verifytryEditorforEmptyInput_CreateLinkedList" time="0.0">
    <ignored/>
  </testcase> <!-- verifytryEditorforEmptyInput_CreateLinkedList -->
  <testcase classname="testMethodsPackage.LinkedListTest" name="verifyPracticeQuestionsPageTitle_TraversalPage" time="0.0">
    <ignored/>
  </testcase> <!-- verifyPracticeQuestionsPageTitle_TraversalPage -->
  <testcase classname="testMethodsPackage.LinkedListTest" name="verifytryEditorforValidCode_DeletionPage" time="0.0">
    <ignored/>
  </testcase> <!-- verifytryEditorforValidCode_DeletionPage -->
  <testcase classname="testMethodsPackage.LinkedListTest" name="verifytryEditorforInvalidCode_CreateLinkedList" time="0.0">
    <ignored/>
  </testcase> <!-- verifytryEditorforInvalidCode_CreateLinkedList -->
  <testcase classname="testMethodsPackage.LinkedListTest" name="verifytryEditorforValidCode_InsertionPage" time="0.0">
    <ignored/>
  </testcase> <!-- verifytryEditorforValidCode_InsertionPage -->
  <testcase classname="testMethodsPackage.LinkedListTest" name="verifytryEditorforValidCode_TraversalPage" time="0.0">
    <ignored/>
  </testcase> <!-- verifytryEditorforValidCode_TraversalPage -->
  <testcase classname="testMethodsPackage.LinkedListTest" name="verifytryEditorforEmptyInput_DeletionPage" time="0.0">
    <ignored/>
  </testcase> <!-- verifytryEditorforEmptyInput_DeletionPage -->
  <testcase classname="testMethodsPackage.LinkedListTest" name="verifytryEditorforValidCode_CreateLinkedList" time="0.0">
    <ignored/>
  </testcase> <!-- verifytryEditorforValidCode_CreateLinkedList -->
  <testcase classname="testMethodsPackage.LinkedListTest" name="verifycreateLinkedListPageTitle" time="0.0">
    <ignored/>
  </testcase> <!-- verifycreateLinkedListPageTitle -->
  <testcase classname="testMethodsPackage.LinkedListTest" name="verifytryEditorforInvalidCode_ImplementLinkedList" time="0.0">
    <ignored/>
  </testcase> <!-- verifytryEditorforInvalidCode_ImplementLinkedList -->
  <testcase classname="testMethodsPackage.LinkedListTest" name="verifytryEditorPageTitle_InsertionPage" time="0.0">
    <ignored/>
  </testcase> <!-- verifytryEditorPageTitle_InsertionPage -->
  <testcase classname="testMethodsPackage.LinkedListTest" name="verifytryEditorforInvalidCode_TypesofLinkedList" time="0.0">
    <ignored/>
  </testcase> <!-- verifytryEditorforInvalidCode_TypesofLinkedList -->
  <testcase classname="testMethodsPackage.LinkedListTest" name="verifytryEditorforValidCode_ImplementLinkedList" time="0.0">
    <ignored/>
  </testcase> <!-- verifytryEditorforValidCode_ImplementLinkedList -->
  <testcase classname="testMethodsPackage.LinkedListTest" name="verifytryEditorPageTitle_CreateLinkedList" time="0.0">
    <ignored/>
  </testcase> <!-- verifytryEditorPageTitle_CreateLinkedList -->
  <testcase classname="testMethodsPackage.LinkedListTest" name="verifytryEditorforEmptyInput_Intro" time="0.0">
    <ignored/>
  </testcase> <!-- verifytryEditorforEmptyInput_Intro -->
  <testcase classname="testMethodsPackage.LinkedListTest" name="verifytryEditorforInvalidCode_DeletionPage" time="0.0">
    <ignored/>
  </testcase> <!-- verifytryEditorforInvalidCode_DeletionPage -->
  <testcase classname="testMethodsPackage.LinkedListTest" name="verifyPracticeQuestionsPageTitle_TypesofLinkedList" time="0.0">
    <ignored/>
  </testcase> <!-- verifyPracticeQuestionsPageTitle_TypesofLinkedList -->
  <testcase classname="testMethodsPackage.LinkedListTest" name="verifyPracticeQuestionsPageTitle_Intro" time="0.0">
    <ignored/>
  </testcase> <!-- verifyPracticeQuestionsPageTitle_Intro -->
  <testcase classname="testMethodsPackage.LinkedListTest" name="verifytryEditorforValidCode_TypesofLinkedList" time="0.0">
    <ignored/>
  </testcase> <!-- verifytryEditorforValidCode_TypesofLinkedList -->
  <testcase classname="testMethodsPackage.LinkedListTest" name="verifytryEditorforInvalidCode_InsertionPage" time="0.0">
    <ignored/>
  </testcase> <!-- verifytryEditorforInvalidCode_InsertionPage -->
  <testcase classname="testMethodsPackage.LinkedListTest" name="verifytryEditorforEmptyInput_TraversalPage" time="0.0">
    <ignored/>
  </testcase> <!-- verifytryEditorforEmptyInput_TraversalPage -->
  <testcase classname="testMethodsPackage.LinkedListTest" name="verifytryEditorforValidCode_Intro" time="0.0">
    <ignored/>
  </testcase> <!-- verifytryEditorforValidCode_Intro -->
  <testcase classname="testMethodsPackage.LinkedListTest" name="verifytryEditorforInvalidCode_Intro" time="0.0">
    <ignored/>
  </testcase> <!-- verifytryEditorforInvalidCode_Intro -->
  <testcase classname="testMethodsPackage.LinkedListTest" name="verifytryEditorforEmptyInput_InsertionPagee" time="0.0">
    <ignored/>
  </testcase> <!-- verifytryEditorforEmptyInput_InsertionPagee -->
  <testcase classname="testMethodsPackage.LinkedListTest" name="verifyPracticeQuestionsPageTitle_ImplementLinkedList" time="0.0">
    <ignored/>
  </testcase> <!-- verifyPracticeQuestionsPageTitle_ImplementLinkedList -->
  <testcase classname="testMethodsPackage.LinkedListTest" name="verifyPracticeQuestionsPageTitle_CreateLinkedList" time="0.0">
    <ignored/>
  </testcase> <!-- verifyPracticeQuestionsPageTitle_CreateLinkedList -->
  <testcase classname="testMethodsPackage.LinkedListTest" name="verifytryEditorforEmptyInput_ImplementLinkedList" time="0.0">
    <ignored/>
  </testcase> <!-- verifytryEditorforEmptyInput_ImplementLinkedList -->
  <testcase classname="testMethodsPackage.LinkedListTest" name="verifyTypesofLinkedListPageTitle" time="0.0">
    <ignored/>
  </testcase> <!-- verifyTypesofLinkedListPageTitle -->
  <testcase classname="testMethodsPackage.LinkedListTest" name="verifytryEditorPageTitle_ImplementLinkedList" time="0.0">
    <ignored/>
  </testcase> <!-- verifytryEditorPageTitle_ImplementLinkedList -->
  <testcase classname="testMethodsPackage.LinkedListTest" name="verifytryEditorforInvalidCode_TraversalPage" time="0.0">
    <ignored/>
  </testcase> <!-- verifytryEditorforInvalidCode_TraversalPage -->
  <testcase classname="testMethodsPackage.LinkedListTest" name="verifyDeletionPageTitle" time="0.0">
    <ignored/>
  </testcase> <!-- verifyDeletionPageTitle -->
  <testcase classname="testMethodsPackage.LinkedListTest" name="verifyPracticeQuestionsPageTitle_DeletionPage" time="0.0">
    <ignored/>
  </testcase> <!-- verifyPracticeQuestionsPageTitle_DeletionPage -->
  <testcase classname="testMethodsPackage.LinkedListTest" name="verifytryEditorPageTitle_DeletionPage" time="0.0">
    <ignored/>
  </testcase> <!-- verifytryEditorPageTitle_DeletionPage -->
  <testcase classname="testMethodsPackage.LinkedListTest" name="verifyImplementLinkedListPageTitle" time="0.0">
    <ignored/>
  </testcase> <!-- verifyImplementLinkedListPageTitle -->
  <testcase classname="testMethodsPackage.LinkedListTest" name="verifytryEditorPageTitle_Intro" time="0.0">
    <ignored/>
  </testcase> <!-- verifytryEditorPageTitle_Intro -->
  <testcase classname="testMethodsPackage.LinkedListTest" name="verifytryEditorPageTitle_TraversalPage" time="0.0">
    <ignored/>
  </testcase> <!-- verifytryEditorPageTitle_TraversalPage -->
  <testcase classname="testMethodsPackage.LinkedListTest" name="verifytryEditorforEmptyInput_TypesofLinkedList" time="0.0">
    <ignored/>
  </testcase> <!-- verifytryEditorforEmptyInput_TypesofLinkedList -->
  <testcase classname="testMethodsPackage.LinkedListTest" name="verifytryEditorPageTitle_TypesofLinkedList" time="0.0">
    <ignored/>
  </testcase> <!-- verifytryEditorPageTitle_TypesofLinkedList -->
  <testcase classname="testMethodsPackage.LinkedListTest" name="verifyInsertionPageTitle" time="0.0">
    <ignored/>
  </testcase> <!-- verifyInsertionPageTitle -->
</testsuite> <!-- Default test -->
