<?xml version="1.0" encoding="UTF-8"?>
<!-- Generated by org.testng.reporters.JUnitXMLReporter -->
<testsuite ignored="4" hostname="ADAASORA" failures="0" tests="2" name="Default test" time="16.184" errors="0" timestamp="2025-08-17T14:17:53 CDT">
  <testcase classname="testCases.DatastructuresTest" name="queueTryingValidAndInvalidCode" time="2.461"/>
  <testcase classname="testCases.DatastructuresTest" name="queueTryingValidAndInvalidCode" time="2.283"/>
  <testcase classname="testCases.DatastructuresTest" name="tryeditor" time="0.0">
    <ignored/>
  </testcase> <!-- tryeditor -->
  <testcase classname="testCases.DatastructuresTest" name="tryeditornocode" time="0.0">
    <ignored/>
  </testcase> <!-- tryeditornocode -->
  <testcase classname="testCases.DatastructuresTest" name="Timecomplexity" time="0.0">
    <ignored/>
  </testcase> <!-- Timecomplexity -->
  <testcase classname="testCases.DatastructuresTest" name="practiceQ" time="0.0">
    <ignored/>
  </testcase> <!-- practiceQ -->
</testsuite> <!-- Default test -->
