<?xml version="1.0" encoding="UTF-8"?>
<!-- Generated by org.testng.reporters.JUnitXMLReporter -->
<testsuite ignored="9" hostname="DESKTOP-181TTAT" failures="0" tests="2" name="Default test" time="10.737" errors="0" timestamp="2025-08-16T23:59:42 GMT-04:00">
  <testcase classname="testCases.Stack" name="StackTryingValidAndInvalidCode" time="1.625"/>
  <testcase classname="testCases.Stack" name="StackTryingValidAndInvalidCode" time="1.603"/>
  <testcase classname="testCases.Stack" name="open_stac_page" time="0.0">
    <ignored/>
  </testcase> <!-- open_stac_page -->
  <testcase classname="testCases.Stack" name="stackOperations" time="0.0">
    <ignored/>
  </testcase> <!-- stackOperations -->
  <testcase classname="testCases.Stack" name="StackTryingEmptyEditor" time="0.0">
    <ignored/>
  </testcase> <!-- StackTryingEmptyEditor -->
  <testcase classname="testCases.Stack" name="stackoperationsCodeEditor" time="0.0">
    <ignored/>
  </testcase> <!-- stackoperationsCodeEditor -->
  <testcase classname="testCases.Stack" name="stackimplementation" time="0.0">
    <ignored/>
  </testcase> <!-- stackimplementation -->
  <testcase classname="testCases.Stack" name="stackapplicationCodeEditor" time="0.0">
    <ignored/>
  </testcase> <!-- stackapplicationCodeEditor -->
  <testcase classname="testCases.Stack" name="StackopenPracticeQuestions" time="0.0">
    <ignored/>
  </testcase> <!-- StackopenPracticeQuestions -->
  <testcase classname="testCases.Stack" name="stackapplication" time="0.0">
    <ignored/>
  </testcase> <!-- stackapplication -->
  <testcase classname="testCases.Stack" name="stackimplementationCodeEditor" time="0.0">
    <ignored/>
  </testcase> <!-- stackimplementationCodeEditor -->
</testsuite> <!-- Default test -->
