<?xml version="1.0" encoding="UTF-8"?>
<!-- Generated by org.testng.reporters.JUnitXMLReporter -->
<testsuite ignored="0" hostname="DESKTOP-181TTAT" failures="1" tests="9" name="Test_All_Modules_edge" time="42.643" errors="0" timestamp="2025-08-14T12:52:04 GMT-04:00">
  <testcase classname="testCases.Stack" name="open_stac_page" time="0.398"/>
  <testcase classname="testCases.Queue" name="open_queue_page" time="0.875"/>
  <testcase classname="testCases.Stack" name="stackOperations" time="0.75"/>
  <testcase classname="testCases.Queue" name="queueImplementation" time="0.615"/>
  <testcase classname="testCases.Stack" name="StackTryingEmptyEditor" time="1.539">
    <skipped/>
  </testcase> <!-- StackTryingEmptyEditor -->
  <testcase classname="testCases.Stack" name="StackTryingEmptyEditor" time="1.432">
    <skipped/>
  </testcase> <!-- StackTryingEmptyEditor -->
  <testcase classname="testCases.Stack" name="StackTryingEmptyEditor" time="1.579">
    <skipped/>
  </testcase> <!-- StackTryingEmptyEditor -->
  <testcase classname="testCases.Stack" name="StackTryingEmptyEditor" time="1.611">
    <failure type="java.lang.AssertionError" message="Failing this test case to show the bug which is, no alert message comes up when clicking on run button without entering anhy code in it">
      <![CDATA[java.lang.AssertionError: Failing this test case to show the bug which is, no alert message comes up when clicking on run button without entering anhy code in it
at testCases.Stack.StackTryingEmptyEditor(Stack.java:70)
at java.base/java.util.ArrayList.forEach(ArrayList.java:1596)
at java.base/java.util.concurrent.FutureTask.run(FutureTask.java:317)
at java.base/java.util.concurrent.ThreadPoolExecutor.runWorker(ThreadPoolExecutor.java:1144)
at java.base/java.util.concurrent.ThreadPoolExecutor$Worker.run(ThreadPoolExecutor.java:642)
at java.base/java.lang.Thread.run(Thread.java:1583)
... Removed 16 stack frames]]>
    </failure>
  </testcase> <!-- StackTryingEmptyEditor -->
  <testcase classname="testCases.Queue" name="queueImplementationCodeEditor" time="1.353"/>
</testsuite> <!-- Test_All_Modules_edge -->
