<?xml version="1.0" encoding="UTF-8"?>
<!-- Generated by org.testng.reporters.JUnitXMLReporter -->
<testsuite ignored="0" hostname="Yuvaraj" failures="4" tests="32" name="Test_All_Modules_edge" time="310.504" errors="0" timestamp="2025-08-17T11:52:08 EDT">
  <testcase classname="testCases.TreeTest" name="Traversals_Illus" time="1.389"/>
  <testcase classname="testCases.TreeTest" name="appBinaryTree" time="1.623"/>
  <testcase classname="testCases.TreeTest" name="binarySearch" time="1.959"/>
  <testcase classname="testCases.TreeTest" name="binaryTreTraver" time="1.484"/>
  <testcase classname="testCases.TreeTest" name="binary_Tree" time="1.356"/>
  <testcase classname="testCases.TreeTest" name="clickOverview" time="2.262"/>
  <testcase classname="testCases.TreeTest" name="clickTerminology" time="2.182"/>
  <testcase classname="testCases.TreeTest" name="impOfBst" time="1.806"/>
  <testcase classname="testCases.TreeTest" name="impl_OfBinaryTrees" time="1.306"/>
  <testcase classname="testCases.TreeTest" name="implement_OfPython" time="2.231"/>
  <testcase classname="testCases.TreeTest" name="tree_Traversals" time="1.263"/>
  <testcase classname="testCases.TreeTest" name="typesTree" time="3.232"/>
  <testcase classname="testCases.TreeTest" name="types_OfBinaryTree" time="1.394"/>
  <testcase classname="testCases.TreeTest" name="verifyTreeLinks" time="1.547"/>
  <testcase classname="testCases.TreeTest" name="runWithoutCode" time="2.779">
    <skipped/>
  </testcase> <!-- runWithoutCode -->
  <testcase classname="testCases.TreeTest" name="runWithoutCode" time="2.683">
    <skipped/>
  </testcase> <!-- runWithoutCode -->
  <testcase classname="testCases.TreeTest" name="runWithoutCode" time="2.308">
    <skipped/>
  </testcase> <!-- runWithoutCode -->
  <testcase classname="testCases.TreeTest" name="runWithoutCode" time="2.911">
    <failure type="java.lang.AssertionError" message="Failing this test case to show the bug which is, no alert message comes up when clicking on run button without entering any code in it">
      <![CDATA[java.lang.AssertionError: Failing this test case to show the bug which is, no alert message comes up when clicking on run button without entering any code in it
at testCases.TreeTest.runWithoutCode(TreeTest.java:225)
at java.base/java.util.ArrayList.forEach(ArrayList.java:1596)
at java.base/java.util.concurrent.FutureTask.run(FutureTask.java:317)
at java.base/java.util.concurrent.ThreadPoolExecutor.runWorker(ThreadPoolExecutor.java:1144)
at java.base/java.util.concurrent.ThreadPoolExecutor$Worker.run(ThreadPoolExecutor.java:642)
at java.base/java.lang.Thread.run(Thread.java:1583)
... Removed 16 stack frames]]>
    </failure>
  </testcase> <!-- runWithoutCode -->
  <testcase classname="testCases.GraphTest" name="runWithoutCode" time="2.359">
    <skipped/>
  </testcase> <!-- runWithoutCode -->
  <testcase classname="testCases.GraphTest" name="runWithoutCode" time="2.133">
    <skipped/>
  </testcase> <!-- runWithoutCode -->
  <testcase classname="testCases.GraphTest" name="runWithoutCode" time="2.186">
    <skipped/>
  </testcase> <!-- runWithoutCode -->
  <testcase classname="testCases.GraphTest" name="runWithoutCode" time="3.683">
    <failure type="java.lang.AssertionError" message="Failing this test case to show the bug which is, no alert message comes up when clicking on run button without entering any code in it">
      <![CDATA[java.lang.AssertionError: Failing this test case to show the bug which is, no alert message comes up when clicking on run button without entering any code in it
at testCases.GraphTest.runWithoutCode(GraphTest.java:103)
at java.base/java.util.ArrayList.forEach(ArrayList.java:1596)
at java.base/java.util.concurrent.FutureTask.run(FutureTask.java:317)
at java.base/java.util.concurrent.ThreadPoolExecutor.runWorker(ThreadPoolExecutor.java:1144)
at java.base/java.util.concurrent.ThreadPoolExecutor$Worker.run(ThreadPoolExecutor.java:642)
at java.base/java.lang.Thread.run(Thread.java:1583)
... Removed 16 stack frames]]>
    </failure>
  </testcase> <!-- runWithoutCode -->
  <testcase classname="testCases.GraphTest" name="practQuestion" time="1.723">
    <skipped/>
  </testcase> <!-- practQuestion -->
  <testcase classname="testCases.GraphTest" name="practQuestion" time="2.072">
    <skipped/>
  </testcase> <!-- practQuestion -->
  <testcase classname="testCases.GraphTest" name="practQuestion" time="1.921">
    <skipped/>
  </testcase> <!-- practQuestion -->
  <testcase classname="testCases.GraphTest" name="practQuestion" time="2.7">
    <failure type="java.lang.AssertionError" message="Failing this test case to show the bug which is,there are no practice questions available for queue module">
      <![CDATA[java.lang.AssertionError: Failing this test case to show the bug which is,there are no practice questions available for queue module
at testCases.GraphTest.practQuestion(GraphTest.java:113)
at java.base/java.util.ArrayList.forEach(ArrayList.java:1596)
at java.base/java.util.concurrent.FutureTask.run(FutureTask.java:317)
at java.base/java.util.concurrent.ThreadPoolExecutor.runWorker(ThreadPoolExecutor.java:1144)
at java.base/java.util.concurrent.ThreadPoolExecutor$Worker.run(ThreadPoolExecutor.java:642)
at java.base/java.lang.Thread.run(Thread.java:1583)
... Removed 16 stack frames]]>
    </failure>
  </testcase> <!-- practQuestion -->
  <testcase classname="testCases.TreeTest" name="treeTryingValidAndInvalidCode" time="2.406"/>
  <testcase classname="testCases.TreeTest" name="treeTryingValidAndInvalidCode" time="2.642"/>
  <testcase classname="testCases.TreeTest" name="practQuestion" time="1.938">
    <skipped/>
  </testcase> <!-- practQuestion -->
  <testcase classname="testCases.TreeTest" name="practQuestion" time="2.686">
    <skipped/>
  </testcase> <!-- practQuestion -->
  <testcase classname="testCases.TreeTest" name="practQuestion" time="2.264">
    <skipped/>
  </testcase> <!-- practQuestion -->
  <testcase classname="testCases.TreeTest" name="practQuestion" time="2.206">
    <failure type="java.lang.AssertionError" message="Practice Question is blank and failed the testcases to show the bug">
      <![CDATA[java.lang.AssertionError: Practice Question is blank and failed the testcases to show the bug
at testCases.TreeTest.practQuestion(TreeTest.java:235)
at java.base/java.util.ArrayList.forEach(ArrayList.java:1596)
at java.base/java.util.concurrent.FutureTask.run(FutureTask.java:317)
at java.base/java.util.concurrent.ThreadPoolExecutor.runWorker(ThreadPoolExecutor.java:1144)
at java.base/java.util.concurrent.ThreadPoolExecutor$Worker.run(ThreadPoolExecutor.java:642)
at java.base/java.lang.Thread.run(Thread.java:1583)
... Removed 16 stack frames]]>
    </failure>
  </testcase> <!-- practQuestion -->
</testsuite> <!-- Test_All_Modules_edge -->
