<?xml version="1.0" encoding="UTF-8"?>
<!-- Generated by org.testng.reporters.JUnitXMLReporter -->
<testsuite ignored="0" hostname="DESKTOP-181TTAT" failures="2" tests="17" name="Test_All_Modules_chrome" time="49.399" errors="0" timestamp="2025-08-20T22:32:25 GMT-04:00">
  <testcase classname="testCases.StackTest" name="open_stac_page" time="0.694"/>
  <testcase classname="testCases.StackTest" name="stackOperations" time="0.679"/>
  <testcase classname="testCases.StackTest" name="stackoperationsCodeEditor" time="1.72"/>
  <testcase classname="testCases.StackTest" name="StackTryingEmptyEditor" time="0.004">
    <skipped/>
  </testcase> <!-- StackTryingEmptyEditor -->
  <testcase classname="testCases.StackTest" name="StackTryingEmptyEditor" time="0.004">
    <skipped/>
  </testcase> <!-- StackTryingEmptyEditor -->
  <testcase classname="testCases.StackTest" name="StackTryingEmptyEditor" time="0.002">
    <skipped/>
  </testcase> <!-- StackTryingEmptyEditor -->
  <testcase classname="testCases.StackTest" name="StackTryingEmptyEditor" time="0.003">
    <failure type="java.lang.Error" message="Unresolved compilation problem: 
	The method allureScreenshot() is undefined for the type StackTest
">
      <![CDATA[java.lang.Error: Unresolved compilation problem: 
The method allureScreenshot() is undefined for the type StackTest

at testCases.StackTest.StackTryingEmptyEditor(StackTest.java:69)
at java.base/java.util.ArrayList.forEach(ArrayList.java:1596)
at java.base/java.util.concurrent.FutureTask.run(FutureTask.java:317)
at java.base/java.util.concurrent.ThreadPoolExecutor.runWorker(ThreadPoolExecutor.java:1144)
at java.base/java.util.concurrent.ThreadPoolExecutor$Worker.run(ThreadPoolExecutor.java:642)
at java.base/java.lang.Thread.run(Thread.java:1583)
... Removed 15 stack frames]]>
    </failure>
  </testcase> <!-- StackTryingEmptyEditor -->
  <testcase classname="testCases.StackTest" name="stackTryingValidAndInvalidCode" time="1.72"/>
  <testcase classname="testCases.StackTest" name="stackTryingValidAndInvalidCode" time="3.185"/>
  <testcase classname="testCases.StackTest" name="stackimplementation" time="1.091"/>
  <testcase classname="testCases.StackTest" name="stackimplementationCodeEditor" time="1.594"/>
  <testcase classname="testCases.StackTest" name="stackapplication" time="1.463"/>
  <testcase classname="testCases.StackTest" name="stackapplicationCodeEditor" time="1.125"/>
  <testcase classname="testCases.StackTest" name="StackopenPracticeQuestions" time="0.003">
    <skipped/>
  </testcase> <!-- StackopenPracticeQuestions -->
  <testcase classname="testCases.StackTest" name="StackopenPracticeQuestions" time="0.003">
    <skipped/>
  </testcase> <!-- StackopenPracticeQuestions -->
  <testcase classname="testCases.StackTest" name="StackopenPracticeQuestions" time="0.003">
    <skipped/>
  </testcase> <!-- StackopenPracticeQuestions -->
  <testcase classname="testCases.StackTest" name="StackopenPracticeQuestions" time="0.001">
    <failure type="java.lang.Error" message="Unresolved compilation problem: 
	The method allureScreenshot() is undefined for the type StackTest
">
      <![CDATA[java.lang.Error: Unresolved compilation problem: 
The method allureScreenshot() is undefined for the type StackTest

at testCases.StackTest.StackopenPracticeQuestions(StackTest.java:143)
at java.base/java.util.ArrayList.forEach(ArrayList.java:1596)
at java.base/java.util.concurrent.FutureTask.run(FutureTask.java:317)
at java.base/java.util.concurrent.ThreadPoolExecutor.runWorker(ThreadPoolExecutor.java:1144)
at java.base/java.util.concurrent.ThreadPoolExecutor$Worker.run(ThreadPoolExecutor.java:642)
at java.base/java.lang.Thread.run(Thread.java:1583)
... Removed 15 stack frames]]>
    </failure>
  </testcase> <!-- StackopenPracticeQuestions -->
</testsuite> <!-- Test_All_Modules_chrome -->
