<?xml version="1.0" encoding="UTF-8"?>
<testng-results ignored="41" total="42" passed="1" failed="0" skipped="0">
  <reporter-output>
  </reporter-output>
  <suite started-at="2025-08-13T09:10:48 MDT" name="Default suite" finished-at="2025-08-13T09:11:03 MDT" duration-ms="15422">
    <groups>
    </groups>
    <test started-at="2025-08-13T09:10:48 MDT" name="Default test" finished-at="2025-08-13T09:11:03 MDT" duration-ms="15422">
      <class name="testMethodsPackage.LinkedListTest">
        <test-method is-config="true" signature="setup(java.lang.String)[pri:0, instance:testMethodsPackage.LinkedListTest@1852a3ff]" started-at="2025-08-13T09:10:48 MDT" name="setup" finished-at="2025-08-13T09:11:01 MDT" duration-ms="13876" status="PASS">
          <params>
            <param index="0">
              <value>
                <![CDATA[chrome]]>
              </value>
            </param>
          </params>
          <reporter-output>
          </reporter-output>
        </test-method> <!-- setup -->
        <test-method is-config="true" signature="initPageObjects()[pri:0, instance:testMethodsPackage.LinkedListTest@1852a3ff]" started-at="2025-08-13T09:11:02 MDT" name="initPageObjects" finished-at="2025-08-13T09:11:02 MDT" duration-ms="759" status="PASS">
          <reporter-output>
          </reporter-output>
        </test-method> <!-- initPageObjects -->
        <test-method signature="verifyIntroPageTitle()[pri:1, instance:testMethodsPackage.LinkedListTest@1852a3ff]" started-at="2025-08-13T09:11:02 MDT" name="verifyIntroPageTitle" finished-at="2025-08-13T09:11:03 MDT" duration-ms="471" status="PASS">
          <reporter-output>
          </reporter-output>
        </test-method> <!-- verifyIntroPageTitle -->
        <test-method is-config="true" signature="tearDown()[pri:0, instance:testMethodsPackage.LinkedListTest@1852a3ff]" started-at="2025-08-13T09:11:03 MDT" name="tearDown" finished-at="2025-08-13T09:11:03 MDT" duration-ms="163" status="PASS">
          <reporter-output>
          </reporter-output>
        </test-method> <!-- tearDown -->
      </class> <!-- testMethodsPackage.LinkedListTest -->
    </test> <!-- Default test -->
  </suite> <!-- Default suite -->
</testng-results>
